Analysis & Synthesis report for optimized
Fri Nov 29 10:20:21 2024
Quartus Prime Version 23.1std.1 Build 993 05/14/2024 SC Lite Edition


---------------------
; Table of Contents ;
---------------------
  1. Legal Notice
  2. Analysis & Synthesis Summary
  3. Analysis & Synthesis Settings
  4. Parallel Compilation
  5. Analysis & Synthesis Source Files Read
  6. Analysis & Synthesis Resource Usage Summary
  7. Analysis & Synthesis Resource Utilization by Entity
  8. Analysis & Synthesis DSP Block Usage Summary
  9. State Machine - |ReConf_FirFilter|Controller:Controller|rCurState
 10. Registers Removed During Synthesis
 11. General Register Statistics
 12. Multiplexer Restructuring Statistics (Restructuring Performed)
 13. Parameter Settings for User Entity Instance: SpSram_Param:SpSram1_Pos
 14. Parameter Settings for User Entity Instance: SpSram_Param:SpSram2_Neg
 15. Parameter Settings for User Entity Instance: Controller:Controller
 16. Parameter Settings for User Entity Instance: ACC_7:ACC_Pos
 17. Parameter Settings for User Entity Instance: ACC_5:ACC_Neg
 18. Port Connectivity Checks: "ACC_5:ACC_Neg"
 19. Port Connectivity Checks: "SpSram_Param:SpSram2_Neg"
 20. Port Connectivity Checks: "SpSram_Param:SpSram1_Pos"
 21. Post-Synthesis Netlist Statistics for Top Partition
 22. Elapsed Time Per Partition
 23. Analysis & Synthesis Messages



----------------
; Legal Notice ;
----------------
Copyright (C) 2024  Intel Corporation. All rights reserved.
Your use of Intel Corporation's design tools, logic functions 
and other software and tools, and any partner logic 
functions, and any output files from any of the foregoing 
(including device programming or simulation files), and any 
associated documentation or information are expressly subject 
to the terms and conditions of the Intel Program License 
Subscription Agreement, the Intel Quartus Prime License Agreement,
the Intel FPGA IP License Agreement, or other applicable license
agreement, including, without limitation, that your use is for
the sole purpose of programming logic devices manufactured by
Intel and sold by Intel or its authorized distributors.  Please
refer to the applicable agreement for further details, at
https://fpgasoftware.intel.com/eula.



+----------------------------------------------------------------------------------+
; Analysis & Synthesis Summary                                                     ;
+---------------------------------+------------------------------------------------+
; Analysis & Synthesis Status     ; Successful - Fri Nov 29 10:20:21 2024          ;
; Quartus Prime Version           ; 23.1std.1 Build 993 05/14/2024 SC Lite Edition ;
; Revision Name                   ; optimized                                      ;
; Top-level Entity Name           ; ReConf_FirFilter                               ;
; Family                          ; Cyclone V                                      ;
; Logic utilization (in ALMs)     ; N/A                                            ;
; Total registers                 ; 384                                            ;
; Total pins                      ; 55                                             ;
; Total virtual pins              ; 0                                              ;
; Total block memory bits         ; 0                                              ;
; Total DSP Blocks                ; 12                                             ;
; Total HSSI RX PCSs              ; 0                                              ;
; Total HSSI PMA RX Deserializers ; 0                                              ;
; Total HSSI TX PCSs              ; 0                                              ;
; Total HSSI PMA TX Serializers   ; 0                                              ;
; Total PLLs                      ; 0                                              ;
; Total DLLs                      ; 0                                              ;
+---------------------------------+------------------------------------------------+


+---------------------------------------------------------------------------------------------------------------------------+
; Analysis & Synthesis Settings                                                                                             ;
+---------------------------------------------------------------------------------+--------------------+--------------------+
; Option                                                                          ; Setting            ; Default Value      ;
+---------------------------------------------------------------------------------+--------------------+--------------------+
; Device                                                                          ; 5CGXFC7C7F23C8     ;                    ;
; Top-level entity name                                                           ; ReConf_FirFilter   ; optimized          ;
; Family name                                                                     ; Cyclone V          ; Cyclone V          ;
; Use smart compilation                                                           ; Off                ; Off                ;
; Enable parallel Assembler and Timing Analyzer during compilation                ; On                 ; On                 ;
; Enable compact report table                                                     ; Off                ; Off                ;
; Restructure Multiplexers                                                        ; Auto               ; Auto               ;
; MLAB Add Timing Constraints For Mixed-Port Feed-Through Mode Setting Don't Care ; Off                ; Off                ;
; Create Debugging Nodes for IP Cores                                             ; Off                ; Off                ;
; Preserve fewer node names                                                       ; On                 ; On                 ;
; Intel FPGA IP Evaluation Mode                                                   ; Enable             ; Enable             ;
; Verilog Version                                                                 ; Verilog_2001       ; Verilog_2001       ;
; VHDL Version                                                                    ; VHDL_1993          ; VHDL_1993          ;
; State Machine Processing                                                        ; Auto               ; Auto               ;
; Safe State Machine                                                              ; Off                ; Off                ;
; Extract Verilog State Machines                                                  ; On                 ; On                 ;
; Extract VHDL State Machines                                                     ; On                 ; On                 ;
; Ignore Verilog initial constructs                                               ; Off                ; Off                ;
; Iteration limit for constant Verilog loops                                      ; 5000               ; 5000               ;
; Iteration limit for non-constant Verilog loops                                  ; 250                ; 250                ;
; Add Pass-Through Logic to Inferred RAMs                                         ; On                 ; On                 ;
; Infer RAMs from Raw Logic                                                       ; On                 ; On                 ;
; Parallel Synthesis                                                              ; On                 ; On                 ;
; DSP Block Balancing                                                             ; Auto               ; Auto               ;
; NOT Gate Push-Back                                                              ; On                 ; On                 ;
; Power-Up Don't Care                                                             ; On                 ; On                 ;
; Remove Redundant Logic Cells                                                    ; Off                ; Off                ;
; Remove Duplicate Registers                                                      ; On                 ; On                 ;
; Ignore CARRY Buffers                                                            ; Off                ; Off                ;
; Ignore CASCADE Buffers                                                          ; Off                ; Off                ;
; Ignore GLOBAL Buffers                                                           ; Off                ; Off                ;
; Ignore ROW GLOBAL Buffers                                                       ; Off                ; Off                ;
; Ignore LCELL Buffers                                                            ; Off                ; Off                ;
; Ignore SOFT Buffers                                                             ; On                 ; On                 ;
; Limit AHDL Integers to 32 Bits                                                  ; Off                ; Off                ;
; Optimization Technique                                                          ; Balanced           ; Balanced           ;
; Carry Chain Length                                                              ; 70                 ; 70                 ;
; Auto Carry Chains                                                               ; On                 ; On                 ;
; Auto Open-Drain Pins                                                            ; On                 ; On                 ;
; Perform WYSIWYG Primitive Resynthesis                                           ; Off                ; Off                ;
; Auto ROM Replacement                                                            ; On                 ; On                 ;
; Auto RAM Replacement                                                            ; On                 ; On                 ;
; Auto DSP Block Replacement                                                      ; On                 ; On                 ;
; Auto Shift Register Replacement                                                 ; Auto               ; Auto               ;
; Allow Shift Register Merging across Hierarchies                                 ; Auto               ; Auto               ;
; Auto Clock Enable Replacement                                                   ; On                 ; On                 ;
; Strict RAM Replacement                                                          ; Off                ; Off                ;
; Allow Synchronous Control Signals                                               ; On                 ; On                 ;
; Force Use of Synchronous Clear Signals                                          ; Off                ; Off                ;
; Auto Resource Sharing                                                           ; Off                ; Off                ;
; Allow Any RAM Size For Recognition                                              ; Off                ; Off                ;
; Allow Any ROM Size For Recognition                                              ; Off                ; Off                ;
; Allow Any Shift Register Size For Recognition                                   ; Off                ; Off                ;
; Use LogicLock Constraints during Resource Balancing                             ; On                 ; On                 ;
; Ignore translate_off and synthesis_off directives                               ; Off                ; Off                ;
; Timing-Driven Synthesis                                                         ; On                 ; On                 ;
; Report Parameter Settings                                                       ; On                 ; On                 ;
; Report Source Assignments                                                       ; On                 ; On                 ;
; Report Connectivity Checks                                                      ; On                 ; On                 ;
; Ignore Maximum Fan-Out Assignments                                              ; Off                ; Off                ;
; Synchronization Register Chain Length                                           ; 3                  ; 3                  ;
; Power Optimization During Synthesis                                             ; Normal compilation ; Normal compilation ;
; HDL message level                                                               ; Level2             ; Level2             ;
; Suppress Register Optimization Related Messages                                 ; Off                ; Off                ;
; Number of Removed Registers Reported in Synthesis Report                        ; 5000               ; 5000               ;
; Number of Swept Nodes Reported in Synthesis Report                              ; 5000               ; 5000               ;
; Number of Inverted Registers Reported in Synthesis Report                       ; 100                ; 100                ;
; Clock MUX Protection                                                            ; On                 ; On                 ;
; Auto Gated Clock Conversion                                                     ; Off                ; Off                ;
; Block Design Naming                                                             ; Auto               ; Auto               ;
; SDC constraint protection                                                       ; Off                ; Off                ;
; Synthesis Effort                                                                ; Auto               ; Auto               ;
; Shift Register Replacement - Allow Asynchronous Clear Signal                    ; On                 ; On                 ;
; Pre-Mapping Resynthesis Optimization                                            ; Off                ; Off                ;
; Analysis & Synthesis Message Level                                              ; Medium             ; Medium             ;
; Disable Register Merging Across Hierarchies                                     ; Auto               ; Auto               ;
; Resource Aware Inference For Block RAM                                          ; On                 ; On                 ;
; Automatic Parallel Synthesis                                                    ; On                 ; On                 ;
; Partial Reconfiguration Bitstream ID                                            ; Off                ; Off                ;
+---------------------------------------------------------------------------------+--------------------+--------------------+


+------------------------------------------+
; Parallel Compilation                     ;
+----------------------------+-------------+
; Processors                 ; Number      ;
+----------------------------+-------------+
; Number detected on machine ; 18          ;
; Maximum allowed            ; 14          ;
;                            ;             ;
; Average used               ; 1.00        ;
; Maximum used               ; 14          ;
;                            ;             ;
; Usage by Processor         ; % Time Used ;
;     Processor 1            ; 100.0%      ;
;     Processor 2            ;   0.0%      ;
;     Processor 3            ;   0.0%      ;
;     Processor 4            ;   0.0%      ;
;     Processor 5            ;   0.0%      ;
;     Processor 6            ;   0.0%      ;
;     Processors 7-14        ;   0.0%      ;
+----------------------------+-------------+


+--------------------------------------------------------------------------------------------------------------------------------------------------------------------------+
; Analysis & Synthesis Source Files Read                                                                                                                                   ;
+----------------------------------+-----------------+------------------------+----------------------------------------------------------------------------------+---------+
; File Name with User-Entered Path ; Used in Netlist ; File Type              ; File Name with Absolute Path                                                     ; Library ;
+----------------------------------+-----------------+------------------------+----------------------------------------------------------------------------------+---------+
; ../Sum.v                         ; yes             ; User Verilog HDL File  ; C:/Users/SAMSUNG/Documents/DSD_FIR_Filter_Advanced/Optimizing/Sum.v              ;         ;
; ../SpSram_Param.v                ; yes             ; User Verilog HDL File  ; C:/Users/SAMSUNG/Documents/DSD_FIR_Filter_Advanced/Optimizing/SpSram_Param.v     ;         ;
; ../ReConf_FirFilter.v            ; yes             ; User Verilog HDL File  ; C:/Users/SAMSUNG/Documents/DSD_FIR_Filter_Advanced/Optimizing/ReConf_FirFilter.v ;         ;
; ../Delay_Chain.v                 ; yes             ; User Verilog HDL File  ; C:/Users/SAMSUNG/Documents/DSD_FIR_Filter_Advanced/Optimizing/Delay_Chain.v      ;         ;
; ../Controller.v                  ; yes             ; User Verilog HDL File  ; C:/Users/SAMSUNG/Documents/DSD_FIR_Filter_Advanced/Optimizing/Controller.v       ;         ;
; ../ACC_7.v                       ; yes             ; User Verilog HDL File  ; C:/Users/SAMSUNG/Documents/DSD_FIR_Filter_Advanced/Optimizing/ACC_7.v            ;         ;
; ../ACC_5.v                       ; yes             ; User Verilog HDL File  ; C:/Users/SAMSUNG/Documents/DSD_FIR_Filter_Advanced/Optimizing/ACC_5.v            ;         ;
+----------------------------------+-----------------+------------------------+----------------------------------------------------------------------------------+---------+


+----------------------------------------------------------+
; Analysis & Synthesis Resource Usage Summary              ;
+---------------------------------------------+------------+
; Resource                                    ; Usage      ;
+---------------------------------------------+------------+
; Estimate of Logic utilization (ALMs needed) ; 273        ;
;                                             ;            ;
; Combinational ALUT usage for logic          ; 318        ;
;     -- 7 input functions                    ; 0          ;
;     -- 6 input functions                    ; 109        ;
;     -- 5 input functions                    ; 78         ;
;     -- 4 input functions                    ; 69         ;
;     -- <=3 input functions                  ; 62         ;
;                                             ;            ;
; Dedicated logic registers                   ; 384        ;
;                                             ;            ;
; I/O pins                                    ; 55         ;
;                                             ;            ;
; Total DSP Blocks                            ; 12         ;
;                                             ;            ;
; Maximum fan-out node                        ; iRsn~input ;
; Maximum fan-out                             ; 400        ;
; Total fan-out                               ; 3369       ;
; Average fan-out                             ; 4.09       ;
+---------------------------------------------+------------+


+-----------------------------------------------------------------------------------------------------------------------------------------------------------------------------------------------------------------------+
; Analysis & Synthesis Resource Utilization by Entity                                                                                                                                                                   ;
+-------------------------------+---------------------+---------------------------+-------------------+------------+------+--------------+--------------------------------------------+------------------+--------------+
; Compilation Hierarchy Node    ; Combinational ALUTs ; Dedicated Logic Registers ; Block Memory Bits ; DSP Blocks ; Pins ; Virtual Pins ; Full Hierarchy Name                        ; Entity Name      ; Library Name ;
+-------------------------------+---------------------+---------------------------+-------------------+------------+------+--------------+--------------------------------------------+------------------+--------------+
; |ReConf_FirFilter             ; 318 (0)             ; 384 (0)                   ; 0                 ; 12         ; 55   ; 0            ; |ReConf_FirFilter                          ; ReConf_FirFilter ; work         ;
;    |ACC_5:ACC_Neg|            ; 58 (58)             ; 16 (16)                   ; 0                 ; 5          ; 0    ; 0            ; |ReConf_FirFilter|ACC_5:ACC_Neg            ; ACC_5            ; work         ;
;    |ACC_7:ACC_Pos|            ; 71 (71)             ; 16 (16)                   ; 0                 ; 7          ; 0    ; 0            ; |ReConf_FirFilter|ACC_7:ACC_Pos            ; ACC_7            ; work         ;
;    |Controller:Controller|    ; 59 (59)             ; 13 (13)                   ; 0                 ; 0          ; 0    ; 0            ; |ReConf_FirFilter|Controller:Controller    ; Controller       ; work         ;
;    |Delay_Chain:Delay_Chain|  ; 0 (0)               ; 99 (99)                   ; 0                 ; 0          ; 0    ; 0            ; |ReConf_FirFilter|Delay_Chain:Delay_Chain  ; Delay_Chain      ; work         ;
;    |SpSram_Param:SpSram1_Pos| ; 43 (43)             ; 128 (128)                 ; 0                 ; 0          ; 0    ; 0            ; |ReConf_FirFilter|SpSram_Param:SpSram1_Pos ; SpSram_Param     ; work         ;
;    |SpSram_Param:SpSram2_Neg| ; 53 (53)             ; 96 (96)                   ; 0                 ; 0          ; 0    ; 0            ; |ReConf_FirFilter|SpSram_Param:SpSram2_Neg ; SpSram_Param     ; work         ;
;    |Sum:Sum|                  ; 34 (34)             ; 16 (16)                   ; 0                 ; 0          ; 0    ; 0            ; |ReConf_FirFilter|Sum:Sum                  ; Sum              ; work         ;
+-------------------------------+---------------------+---------------------------+-------------------+------------+------+--------------+--------------------------------------------+------------------+--------------+
Note: For table entries with two numbers listed, the numbers in parentheses indicate the number of resources of the given type used by the specific entity alone. The numbers listed outside of parentheses indicate the total resources of the given type used by the specific entity and all of its sub-entities in the hierarchy.


+-----------------------------------------------+
; Analysis & Synthesis DSP Block Usage Summary  ;
+---------------------------------+-------------+
; Statistic                       ; Number Used ;
+---------------------------------+-------------+
; Two Independent 18x18           ; 12          ;
; Total number of DSP blocks      ; 12          ;
;                                 ;             ;
; Fixed Point Signed Multiplier   ; 12          ;
; Fixed Point Dedicated Pre-Adder ; 11          ;
+---------------------------------+-------------+


Encoding Type:  One-Hot
+------------------------------------------------------------------------------------------------+
; State Machine - |ReConf_FirFilter|Controller:Controller|rCurState                              ;
+--------------------+-----------------+-----------------+--------------------+------------------+
; Name               ; rCurState.p_Sum ; rCurState.p_Acc ; rCurState.p_SpSram ; rCurState.p_Idle ;
+--------------------+-----------------+-----------------+--------------------+------------------+
; rCurState.p_Idle   ; 0               ; 0               ; 0                  ; 0                ;
; rCurState.p_SpSram ; 0               ; 0               ; 1                  ; 1                ;
; rCurState.p_Acc    ; 0               ; 1               ; 0                  ; 1                ;
; rCurState.p_Sum    ; 1               ; 0               ; 0                  ; 1                ;
+--------------------+-----------------+-----------------+--------------------+------------------+


+---------------------------------------------------------------------------------------+
; Registers Removed During Synthesis                                                    ;
+---------------------------------------+-----------------------------------------------+
; Register name                         ; Reason for Removal                            ;
+---------------------------------------+-----------------------------------------------+
; Controller:Controller|rEnAddDelay     ; Merged with Controller:Controller|rEnAccDelay ;
; Controller:Controller|rCurState~2     ; Lost fanout                                   ;
; Controller:Controller|rCurState~3     ; Lost fanout                                   ;
; Controller:Controller|rCurState~4     ; Lost fanout                                   ;
; Total Number of Removed Registers = 4 ;                                               ;
+---------------------------------------+-----------------------------------------------+


+------------------------------------------------------+
; General Register Statistics                          ;
+----------------------------------------------+-------+
; Statistic                                    ; Value ;
+----------------------------------------------+-------+
; Total registers                              ; 384   ;
; Number of registers using Synchronous Clear  ; 374   ;
; Number of registers using Synchronous Load   ; 0     ;
; Number of registers using Asynchronous Clear ; 0     ;
; Number of registers using Asynchronous Load  ; 0     ;
; Number of registers using Clock Enable       ; 371   ;
; Number of registers using Preset             ; 0     ;
+----------------------------------------------+-------+


+------------------------------------------------------------------------------------------------------------------------------------------------------------------------+
; Multiplexer Restructuring Statistics (Restructuring Performed)                                                                                                         ;
+--------------------+-----------+---------------+----------------------+------------------------+------------+----------------------------------------------------------+
; Multiplexer Inputs ; Bus Width ; Baseline Area ; Area if Restructured ; Saving if Restructured ; Registered ; Example Multiplexer Output                               ;
+--------------------+-----------+---------------+----------------------+------------------------+------------+----------------------------------------------------------+
; 3:1                ; 99 bits   ; 198 LEs       ; 0 LEs                ; 198 LEs                ; Yes        ; |ReConf_FirFilter|Delay_Chain:Delay_Chain|oDelay2[2]     ;
; 3:1                ; 16 bits   ; 32 LEs        ; 0 LEs                ; 32 LEs                 ; Yes        ; |ReConf_FirFilter|SpSram_Param:SpSram1_Pos|rMem[1][9]    ;
; 3:1                ; 16 bits   ; 32 LEs        ; 0 LEs                ; 32 LEs                 ; Yes        ; |ReConf_FirFilter|SpSram_Param:SpSram1_Pos|rMem[2][10]   ;
; 3:1                ; 16 bits   ; 32 LEs        ; 0 LEs                ; 32 LEs                 ; Yes        ; |ReConf_FirFilter|SpSram_Param:SpSram1_Pos|rMem[3][13]   ;
; 3:1                ; 16 bits   ; 32 LEs        ; 0 LEs                ; 32 LEs                 ; Yes        ; |ReConf_FirFilter|SpSram_Param:SpSram1_Pos|rMem[4][8]    ;
; 3:1                ; 16 bits   ; 32 LEs        ; 0 LEs                ; 32 LEs                 ; Yes        ; |ReConf_FirFilter|SpSram_Param:SpSram1_Pos|rMem[5][1]    ;
; 3:1                ; 16 bits   ; 32 LEs        ; 0 LEs                ; 32 LEs                 ; Yes        ; |ReConf_FirFilter|SpSram_Param:SpSram1_Pos|rMem[6][6]    ;
; 3:1                ; 16 bits   ; 32 LEs        ; 0 LEs                ; 32 LEs                 ; Yes        ; |ReConf_FirFilter|SpSram_Param:SpSram1_Pos|rMem[7][2]    ;
; 3:1                ; 16 bits   ; 32 LEs        ; 0 LEs                ; 32 LEs                 ; Yes        ; |ReConf_FirFilter|SpSram_Param:SpSram2_Neg|rMem[1][15]   ;
; 3:1                ; 16 bits   ; 32 LEs        ; 0 LEs                ; 32 LEs                 ; Yes        ; |ReConf_FirFilter|SpSram_Param:SpSram2_Neg|rMem[2][6]    ;
; 3:1                ; 16 bits   ; 32 LEs        ; 0 LEs                ; 32 LEs                 ; Yes        ; |ReConf_FirFilter|SpSram_Param:SpSram2_Neg|rMem[3][5]    ;
; 3:1                ; 16 bits   ; 32 LEs        ; 0 LEs                ; 32 LEs                 ; Yes        ; |ReConf_FirFilter|SpSram_Param:SpSram2_Neg|rMem[4][11]   ;
; 3:1                ; 16 bits   ; 32 LEs        ; 0 LEs                ; 32 LEs                 ; Yes        ; |ReConf_FirFilter|SpSram_Param:SpSram2_Neg|rMem[5][0]    ;
; 4:1                ; 16 bits   ; 32 LEs        ; 16 LEs               ; 16 LEs                 ; Yes        ; |ReConf_FirFilter|Sum:Sum|oFirOut[7]                     ;
; 4:1                ; 4 bits    ; 8 LEs         ; 8 LEs                ; 0 LEs                  ; Yes        ; |ReConf_FirFilter|Controller:Controller|Selection_pos[1] ;
; 4:1                ; 4 bits    ; 8 LEs         ; 8 LEs                ; 0 LEs                  ; Yes        ; |ReConf_FirFilter|Controller:Controller|Selection_neg[1] ;
; 5:1                ; 32 bits   ; 96 LEs        ; 0 LEs                ; 96 LEs                 ; Yes        ; |ReConf_FirFilter|ACC_7:ACC_Pos|rAccOut[13]              ;
; 9:1                ; 16 bits   ; 96 LEs        ; 64 LEs               ; 32 LEs                 ; Yes        ; |ReConf_FirFilter|SpSram_Param:SpSram1_Pos|rRdDt[2]      ;
; 7:1                ; 16 bits   ; 64 LEs        ; 48 LEs               ; 16 LEs                 ; Yes        ; |ReConf_FirFilter|SpSram_Param:SpSram2_Neg|rRdDt[15]     ;
; 3:1                ; 16 bits   ; 32 LEs        ; 32 LEs               ; 0 LEs                  ; No         ; |ReConf_FirFilter|ACC_7:ACC_Pos|rVal[7]                  ;
; 3:1                ; 16 bits   ; 32 LEs        ; 32 LEs               ; 0 LEs                  ; No         ; |ReConf_FirFilter|ACC_5:ACC_Neg|rVal[15]                 ;
; 16:1               ; 16 bits   ; 160 LEs       ; 96 LEs               ; 64 LEs                 ; No         ; |ReConf_FirFilter|ACC_7:ACC_Pos|Mux8                     ;
; 16:1               ; 16 bits   ; 160 LEs       ; 80 LEs               ; 80 LEs                 ; No         ; |ReConf_FirFilter|ACC_5:ACC_Neg|Mux15                    ;
+--------------------+-----------+---------------+----------------------+------------------------+------------+----------------------------------------------------------+


+-----------------------------------------------------------------------+
; Parameter Settings for User Entity Instance: SpSram_Param:SpSram1_Pos ;
+----------------+-------+----------------------------------------------+
; Parameter Name ; Value ; Type                                         ;
+----------------+-------+----------------------------------------------+
; DATA_WIDTH     ; 16    ; Signed Integer                               ;
; ADDR_DEPTH     ; 7     ; Signed Integer                               ;
+----------------+-------+----------------------------------------------+
Note: In order to hide this table in the UI and the text report file, please set the "Show Parameter Settings in Synthesis Report" option in "Analysis and Synthesis Settings -> More Settings" to "Off".


+-----------------------------------------------------------------------+
; Parameter Settings for User Entity Instance: SpSram_Param:SpSram2_Neg ;
+----------------+-------+----------------------------------------------+
; Parameter Name ; Value ; Type                                         ;
+----------------+-------+----------------------------------------------+
; DATA_WIDTH     ; 16    ; Signed Integer                               ;
; ADDR_DEPTH     ; 5     ; Signed Integer                               ;
+----------------+-------+----------------------------------------------+
Note: In order to hide this table in the UI and the text report file, please set the "Show Parameter Settings in Synthesis Report" option in "Analysis and Synthesis Settings -> More Settings" to "Off".


+--------------------------------------------------------------------+
; Parameter Settings for User Entity Instance: Controller:Controller ;
+----------------+-------+-------------------------------------------+
; Parameter Name ; Value ; Type                                      ;
+----------------+-------+-------------------------------------------+
; p_Idle         ; 000   ; Unsigned Binary                           ;
; p_SpSram       ; 001   ; Unsigned Binary                           ;
; p_Acc          ; 010   ; Unsigned Binary                           ;
; p_Sum          ; 011   ; Unsigned Binary                           ;
+----------------+-------+-------------------------------------------+
Note: In order to hide this table in the UI and the text report file, please set the "Show Parameter Settings in Synthesis Report" option in "Analysis and Synthesis Settings -> More Settings" to "Off".


+------------------------------------------------------------+
; Parameter Settings for User Entity Instance: ACC_7:ACC_Pos ;
+----------------+-------+-----------------------------------+
; Parameter Name ; Value ; Type                              ;
+----------------+-------+-----------------------------------+
; COEFF_WIDTH    ; 16    ; Signed Integer                    ;
; DATA_WIDTH     ; 16    ; Signed Integer                    ;
+----------------+-------+-----------------------------------+
Note: In order to hide this table in the UI and the text report file, please set the "Show Parameter Settings in Synthesis Report" option in "Analysis and Synthesis Settings -> More Settings" to "Off".


+------------------------------------------------------------+
; Parameter Settings for User Entity Instance: ACC_5:ACC_Neg ;
+----------------+-------+-----------------------------------+
; Parameter Name ; Value ; Type                              ;
+----------------+-------+-----------------------------------+
; COEFF_WIDTH    ; 16    ; Signed Integer                    ;
; DATA_WIDTH     ; 16    ; Signed Integer                    ;
+----------------+-------+-----------------------------------+
Note: In order to hide this table in the UI and the text report file, please set the "Show Parameter Settings in Synthesis Report" option in "Analysis and Synthesis Settings -> More Settings" to "Off".


+---------------------------------------------------------------------------------------------------------------------------------------------------------------------------+
; Port Connectivity Checks: "ACC_5:ACC_Neg"                                                                                                                                 ;
+---------+-------+----------+----------------------------------------------------------------------------------------------------------------------------------------------+
; Port    ; Type  ; Severity ; Details                                                                                                                                      ;
+---------+-------+----------+----------------------------------------------------------------------------------------------------------------------------------------------+
; iDelay6 ; Input ; Warning  ; Declared by entity but not connected by instance. If a default value exists, it will be used.  Otherwise, the port will be connected to GND. ;
; iDelay7 ; Input ; Warning  ; Declared by entity but not connected by instance. If a default value exists, it will be used.  Otherwise, the port will be connected to GND. ;
; iDelay8 ; Input ; Warning  ; Declared by entity but not connected by instance. If a default value exists, it will be used.  Otherwise, the port will be connected to GND. ;
+---------+-------+----------+----------------------------------------------------------------------------------------------------------------------------------------------+


+----------------------------------------------------------------------------------------------------------------------------------------------------------------------------------------------------------------+
; Port Connectivity Checks: "SpSram_Param:SpSram2_Neg"                                                                                                                                                           ;
+----------+-------+----------+----------------------------------------------------------------------------------------------------------------------------------------------------------------------------------+
; Port     ; Type  ; Severity ; Details                                                                                                                                                                          ;
+----------+-------+----------+----------------------------------------------------------------------------------------------------------------------------------------------------------------------------------+
; iAddrRam ; Input ; Warning  ; Input port expression (4 bits) is wider than the input port (3 bits) it drives.  The 1 most-significant bit(s) in the expression will be dangling if they have no other fanouts. ;
+----------+-------+----------+----------------------------------------------------------------------------------------------------------------------------------------------------------------------------------+


+----------------------------------------------------------------------------------------------------------------------------------------------------------------------------------------------------------------+
; Port Connectivity Checks: "SpSram_Param:SpSram1_Pos"                                                                                                                                                           ;
+----------+-------+----------+----------------------------------------------------------------------------------------------------------------------------------------------------------------------------------+
; Port     ; Type  ; Severity ; Details                                                                                                                                                                          ;
+----------+-------+----------+----------------------------------------------------------------------------------------------------------------------------------------------------------------------------------+
; iAddrRam ; Input ; Warning  ; Input port expression (4 bits) is wider than the input port (3 bits) it drives.  The 1 most-significant bit(s) in the expression will be dangling if they have no other fanouts. ;
+----------+-------+----------+----------------------------------------------------------------------------------------------------------------------------------------------------------------------------------+


+-----------------------------------------------------+
; Post-Synthesis Netlist Statistics for Top Partition ;
+-----------------------+-----------------------------+
; Type                  ; Count                       ;
+-----------------------+-----------------------------+
; arriav_ff             ; 384                         ;
;     ENA SCLR          ; 371                         ;
;     SCLR              ; 3                           ;
;     plain             ; 10                          ;
; arriav_lcell_comb     ; 318                         ;
;     arith             ; 34                          ;
;         0 data inputs ; 1                           ;
;         1 data inputs ; 1                           ;
;         4 data inputs ; 32                          ;
;     normal            ; 268                         ;
;         2 data inputs ; 7                           ;
;         3 data inputs ; 37                          ;
;         4 data inputs ; 37                          ;
;         5 data inputs ; 78                          ;
;         6 data inputs ; 109                         ;
;     shared            ; 16                          ;
;         2 data inputs ; 16                          ;
; arriav_mac            ; 12                          ;
; boundary_port         ; 55                          ;
;                       ;                             ;
; Max LUT depth         ; 5.50                        ;
; Average LUT depth     ; 2.65                        ;
+-----------------------+-----------------------------+


+-------------------------------+
; Elapsed Time Per Partition    ;
+----------------+--------------+
; Partition Name ; Elapsed Time ;
+----------------+--------------+
; Top            ; 00:00:00     ;
+----------------+--------------+


+-------------------------------+
; Analysis & Synthesis Messages ;
+-------------------------------+
Info: *******************************************************************
Info: Running Quartus Prime Analysis & Synthesis
    Info: Version 23.1std.1 Build 993 05/14/2024 SC Lite Edition
    Info: Processing started: Fri Nov 29 10:20:14 2024
Info: Command: quartus_map --read_settings_files=on --write_settings_files=off optimized -c optimized
Warning (18236): Number of processors has not been specified which may cause overloading on shared machines.  Set the global assignment NUM_PARALLEL_PROCESSORS in your QSF to an appropriate value for best performance.
Info (20030): Parallel compilation is enabled and will use 14 of the 14 processors detected
Info (12021): Found 1 design units, including 1 entities, in source file /users/samsung/documents/dsd_fir_filter_advanced/optimizing/sum.v
    Info (12023): Found entity 1: Sum File: C:/Users/SAMSUNG/Documents/DSD_FIR_Filter_Advanced/Optimizing/Sum.v Line: 1
Info (12021): Found 1 design units, including 1 entities, in source file /users/samsung/documents/dsd_fir_filter_advanced/optimizing/spsram_param.v
    Info (12023): Found entity 1: SpSram_Param File: C:/Users/SAMSUNG/Documents/DSD_FIR_Filter_Advanced/Optimizing/SpSram_Param.v Line: 10
Info (12021): Found 1 design units, including 1 entities, in source file /users/samsung/documents/dsd_fir_filter_advanced/optimizing/reconf_firfilter.v
    Info (12023): Found entity 1: ReConf_FirFilter File: C:/Users/SAMSUNG/Documents/DSD_FIR_Filter_Advanced/Optimizing/ReConf_FirFilter.v Line: 8
Info (12021): Found 1 design units, including 1 entities, in source file /users/samsung/documents/dsd_fir_filter_advanced/optimizing/delay_chain.v
    Info (12023): Found entity 1: Delay_Chain File: C:/Users/SAMSUNG/Documents/DSD_FIR_Filter_Advanced/Optimizing/Delay_Chain.v Line: 8
Info (12021): Found 1 design units, including 1 entities, in source file /users/samsung/documents/dsd_fir_filter_advanced/optimizing/controller.v
    Info (12023): Found entity 1: Controller File: C:/Users/SAMSUNG/Documents/DSD_FIR_Filter_Advanced/Optimizing/Controller.v Line: 8
Info (12021): Found 1 design units, including 1 entities, in source file /users/samsung/documents/dsd_fir_filter_advanced/optimizing/acc_7.v
    Info (12023): Found entity 1: ACC_7 File: C:/Users/SAMSUNG/Documents/DSD_FIR_Filter_Advanced/Optimizing/ACC_7.v Line: 8
Info (12021): Found 1 design units, including 1 entities, in source file /users/samsung/documents/dsd_fir_filter_advanced/optimizing/acc_5.v
    Info (12023): Found entity 1: ACC_5 File: C:/Users/SAMSUNG/Documents/DSD_FIR_Filter_Advanced/Optimizing/ACC_5.v Line: 8
Info (12127): Elaborating entity "ReConf_FirFilter" for the top level hierarchy
Info (12128): Elaborating entity "SpSram_Param" for hierarchy "SpSram_Param:SpSram1_Pos" File: C:/Users/SAMSUNG/Documents/DSD_FIR_Filter_Advanced/Optimizing/ReConf_FirFilter.v Line: 72
Info (12128): Elaborating entity "SpSram_Param" for hierarchy "SpSram_Param:SpSram2_Neg" File: C:/Users/SAMSUNG/Documents/DSD_FIR_Filter_Advanced/Optimizing/ReConf_FirFilter.v Line: 82
Info (12128): Elaborating entity "Controller" for hierarchy "Controller:Controller" File: C:/Users/SAMSUNG/Documents/DSD_FIR_Filter_Advanced/Optimizing/ReConf_FirFilter.v Line: 115
Info (12128): Elaborating entity "Delay_Chain" for hierarchy "Delay_Chain:Delay_Chain" File: C:/Users/SAMSUNG/Documents/DSD_FIR_Filter_Advanced/Optimizing/ReConf_FirFilter.v Line: 137
Warning (10230): Verilog HDL assignment warning at Delay_Chain.v(66): truncated value with size 16 to match size of target (3) File: C:/Users/SAMSUNG/Documents/DSD_FIR_Filter_Advanced/Optimizing/Delay_Chain.v Line: 66
Warning (10230): Verilog HDL assignment warning at Delay_Chain.v(67): truncated value with size 16 to match size of target (3) File: C:/Users/SAMSUNG/Documents/DSD_FIR_Filter_Advanced/Optimizing/Delay_Chain.v Line: 67
Warning (10230): Verilog HDL assignment warning at Delay_Chain.v(68): truncated value with size 16 to match size of target (3) File: C:/Users/SAMSUNG/Documents/DSD_FIR_Filter_Advanced/Optimizing/Delay_Chain.v Line: 68
Warning (10230): Verilog HDL assignment warning at Delay_Chain.v(69): truncated value with size 16 to match size of target (3) File: C:/Users/SAMSUNG/Documents/DSD_FIR_Filter_Advanced/Optimizing/Delay_Chain.v Line: 69
Warning (10230): Verilog HDL assignment warning at Delay_Chain.v(70): truncated value with size 16 to match size of target (3) File: C:/Users/SAMSUNG/Documents/DSD_FIR_Filter_Advanced/Optimizing/Delay_Chain.v Line: 70
Warning (10230): Verilog HDL assignment warning at Delay_Chain.v(71): truncated value with size 16 to match size of target (3) File: C:/Users/SAMSUNG/Documents/DSD_FIR_Filter_Advanced/Optimizing/Delay_Chain.v Line: 71
Warning (10230): Verilog HDL assignment warning at Delay_Chain.v(72): truncated value with size 16 to match size of target (3) File: C:/Users/SAMSUNG/Documents/DSD_FIR_Filter_Advanced/Optimizing/Delay_Chain.v Line: 72
Warning (10230): Verilog HDL assignment warning at Delay_Chain.v(73): truncated value with size 16 to match size of target (3) File: C:/Users/SAMSUNG/Documents/DSD_FIR_Filter_Advanced/Optimizing/Delay_Chain.v Line: 73
Warning (10230): Verilog HDL assignment warning at Delay_Chain.v(74): truncated value with size 16 to match size of target (3) File: C:/Users/SAMSUNG/Documents/DSD_FIR_Filter_Advanced/Optimizing/Delay_Chain.v Line: 74
Warning (10230): Verilog HDL assignment warning at Delay_Chain.v(75): truncated value with size 16 to match size of target (3) File: C:/Users/SAMSUNG/Documents/DSD_FIR_Filter_Advanced/Optimizing/Delay_Chain.v Line: 75
Warning (10230): Verilog HDL assignment warning at Delay_Chain.v(76): truncated value with size 16 to match size of target (3) File: C:/Users/SAMSUNG/Documents/DSD_FIR_Filter_Advanced/Optimizing/Delay_Chain.v Line: 76
Warning (10230): Verilog HDL assignment warning at Delay_Chain.v(77): truncated value with size 16 to match size of target (3) File: C:/Users/SAMSUNG/Documents/DSD_FIR_Filter_Advanced/Optimizing/Delay_Chain.v Line: 77
Warning (10230): Verilog HDL assignment warning at Delay_Chain.v(78): truncated value with size 16 to match size of target (3) File: C:/Users/SAMSUNG/Documents/DSD_FIR_Filter_Advanced/Optimizing/Delay_Chain.v Line: 78
Warning (10230): Verilog HDL assignment warning at Delay_Chain.v(79): truncated value with size 16 to match size of target (3) File: C:/Users/SAMSUNG/Documents/DSD_FIR_Filter_Advanced/Optimizing/Delay_Chain.v Line: 79
Warning (10230): Verilog HDL assignment warning at Delay_Chain.v(80): truncated value with size 16 to match size of target (3) File: C:/Users/SAMSUNG/Documents/DSD_FIR_Filter_Advanced/Optimizing/Delay_Chain.v Line: 80
Warning (10230): Verilog HDL assignment warning at Delay_Chain.v(81): truncated value with size 16 to match size of target (3) File: C:/Users/SAMSUNG/Documents/DSD_FIR_Filter_Advanced/Optimizing/Delay_Chain.v Line: 81
Warning (10230): Verilog HDL assignment warning at Delay_Chain.v(82): truncated value with size 16 to match size of target (3) File: C:/Users/SAMSUNG/Documents/DSD_FIR_Filter_Advanced/Optimizing/Delay_Chain.v Line: 82
Warning (10230): Verilog HDL assignment warning at Delay_Chain.v(83): truncated value with size 16 to match size of target (3) File: C:/Users/SAMSUNG/Documents/DSD_FIR_Filter_Advanced/Optimizing/Delay_Chain.v Line: 83
Warning (10230): Verilog HDL assignment warning at Delay_Chain.v(84): truncated value with size 16 to match size of target (3) File: C:/Users/SAMSUNG/Documents/DSD_FIR_Filter_Advanced/Optimizing/Delay_Chain.v Line: 84
Warning (10230): Verilog HDL assignment warning at Delay_Chain.v(85): truncated value with size 16 to match size of target (3) File: C:/Users/SAMSUNG/Documents/DSD_FIR_Filter_Advanced/Optimizing/Delay_Chain.v Line: 85
Warning (10230): Verilog HDL assignment warning at Delay_Chain.v(86): truncated value with size 16 to match size of target (3) File: C:/Users/SAMSUNG/Documents/DSD_FIR_Filter_Advanced/Optimizing/Delay_Chain.v Line: 86
Warning (10230): Verilog HDL assignment warning at Delay_Chain.v(87): truncated value with size 16 to match size of target (3) File: C:/Users/SAMSUNG/Documents/DSD_FIR_Filter_Advanced/Optimizing/Delay_Chain.v Line: 87
Warning (10230): Verilog HDL assignment warning at Delay_Chain.v(88): truncated value with size 16 to match size of target (3) File: C:/Users/SAMSUNG/Documents/DSD_FIR_Filter_Advanced/Optimizing/Delay_Chain.v Line: 88
Warning (10230): Verilog HDL assignment warning at Delay_Chain.v(89): truncated value with size 16 to match size of target (3) File: C:/Users/SAMSUNG/Documents/DSD_FIR_Filter_Advanced/Optimizing/Delay_Chain.v Line: 89
Warning (10230): Verilog HDL assignment warning at Delay_Chain.v(90): truncated value with size 16 to match size of target (3) File: C:/Users/SAMSUNG/Documents/DSD_FIR_Filter_Advanced/Optimizing/Delay_Chain.v Line: 90
Warning (10230): Verilog HDL assignment warning at Delay_Chain.v(91): truncated value with size 16 to match size of target (3) File: C:/Users/SAMSUNG/Documents/DSD_FIR_Filter_Advanced/Optimizing/Delay_Chain.v Line: 91
Warning (10230): Verilog HDL assignment warning at Delay_Chain.v(92): truncated value with size 16 to match size of target (3) File: C:/Users/SAMSUNG/Documents/DSD_FIR_Filter_Advanced/Optimizing/Delay_Chain.v Line: 92
Warning (10230): Verilog HDL assignment warning at Delay_Chain.v(93): truncated value with size 16 to match size of target (3) File: C:/Users/SAMSUNG/Documents/DSD_FIR_Filter_Advanced/Optimizing/Delay_Chain.v Line: 93
Warning (10230): Verilog HDL assignment warning at Delay_Chain.v(94): truncated value with size 16 to match size of target (3) File: C:/Users/SAMSUNG/Documents/DSD_FIR_Filter_Advanced/Optimizing/Delay_Chain.v Line: 94
Warning (10230): Verilog HDL assignment warning at Delay_Chain.v(95): truncated value with size 16 to match size of target (3) File: C:/Users/SAMSUNG/Documents/DSD_FIR_Filter_Advanced/Optimizing/Delay_Chain.v Line: 95
Warning (10230): Verilog HDL assignment warning at Delay_Chain.v(96): truncated value with size 16 to match size of target (3) File: C:/Users/SAMSUNG/Documents/DSD_FIR_Filter_Advanced/Optimizing/Delay_Chain.v Line: 96
Warning (10230): Verilog HDL assignment warning at Delay_Chain.v(97): truncated value with size 16 to match size of target (3) File: C:/Users/SAMSUNG/Documents/DSD_FIR_Filter_Advanced/Optimizing/Delay_Chain.v Line: 97
Warning (10230): Verilog HDL assignment warning at Delay_Chain.v(98): truncated value with size 16 to match size of target (3) File: C:/Users/SAMSUNG/Documents/DSD_FIR_Filter_Advanced/Optimizing/Delay_Chain.v Line: 98
Info (12128): Elaborating entity "ACC_7" for hierarchy "ACC_7:ACC_Pos" File: C:/Users/SAMSUNG/Documents/DSD_FIR_Filter_Advanced/Optimizing/ReConf_FirFilter.v Line: 167
Info (12128): Elaborating entity "ACC_5" for hierarchy "ACC_5:ACC_Neg" File: C:/Users/SAMSUNG/Documents/DSD_FIR_Filter_Advanced/Optimizing/ReConf_FirFilter.v Line: 183
Info (12128): Elaborating entity "Sum" for hierarchy "Sum:Sum" File: C:/Users/SAMSUNG/Documents/DSD_FIR_Filter_Advanced/Optimizing/ReConf_FirFilter.v Line: 194
Warning (12241): 3 hierarchies have connectivity warnings - see the Connectivity Checks report folder
Info (286030): Timing-Driven Synthesis is running
Info (17049): 3 registers lost all their fanouts during netlist optimizations.
Info (16010): Generating hard_block partition "hard_block:auto_generated_inst"
    Info (16011): Adding 0 node(s), including 0 DDIO, 0 PLL, 0 transceiver and 0 LCELL
Warning (21074): Design contains 2 input pin(s) that do not drive logic
    Warning (15610): No output dependent on input pin "iAddrRam_pos[3]" File: C:/Users/SAMSUNG/Documents/DSD_FIR_Filter_Advanced/Optimizing/ReConf_FirFilter.v Line: 15
    Warning (15610): No output dependent on input pin "iAddrRam_neg[3]" File: C:/Users/SAMSUNG/Documents/DSD_FIR_Filter_Advanced/Optimizing/ReConf_FirFilter.v Line: 16
Info (21057): Implemented 677 device resources after synthesis - the final resource count might be different
    Info (21058): Implemented 39 input pins
    Info (21059): Implemented 16 output pins
    Info (21061): Implemented 610 logic cells
    Info (21062): Implemented 12 DSP elements
Info: Quartus Prime Analysis & Synthesis was successful. 0 errors, 38 warnings
    Info: Peak virtual memory: 4874 megabytes
    Info: Processing ended: Fri Nov 29 10:20:21 2024
    Info: Elapsed time: 00:00:07
    Info: Total CPU time (on all processors): 00:00:03


