Flow report for optimized
Sun Dec  1 11:21:07 2024
Quartus Prime Version 23.1std.1 Build 993 05/14/2024 SC Lite Edition


---------------------
; Table of Contents ;
---------------------
  1. Legal Notice
  2. Flow Summary
  3. Flow Settings
  4. Flow Non-Default Global Settings
  5. Flow Elapsed Time
  6. Flow OS Summary
  7. Flow Log
  8. Flow Messages
  9. Flow Suppressed Messages



----------------
; Legal Notice ;
----------------
Copyright (C) 2024  Intel Corporation. All rights reserved.
Your use of Intel Corporation's design tools, logic functions 
and other software and tools, and any partner logic 
functions, and any output files from any of the foregoing 
(including device programming or simulation files), and any 
associated documentation or information are expressly subject 
to the terms and conditions of the Intel Program License 
Subscription Agreement, the Intel Quartus Prime License Agreement,
the Intel FPGA IP License Agreement, or other applicable license
agreement, including, without limitation, that your use is for
the sole purpose of programming logic devices manufactured by
Intel and sold by Intel or its authorized distributors.  Please
refer to the applicable agreement for further details, at
https://fpgasoftware.intel.com/eula.



+----------------------------------------------------------------------------------+
; Flow Summary                                                                     ;
+---------------------------------+------------------------------------------------+
; Flow Status                     ; Successful - Sun Dec  1 11:21:07 2024          ;
; Quartus Prime Version           ; 23.1std.1 Build 993 05/14/2024 SC Lite Edition ;
; Revision Name                   ; optimized                                      ;
; Top-level Entity Name           ; ReConf_FirFilter                               ;
; Family                          ; Cyclone V                                      ;
; Device                          ; 5CGXFC7C7F23C8                                 ;
; Timing Models                   ; Final                                          ;
; Logic utilization (in ALMs)     ; 259 / 56,480 ( < 1 % )                         ;
; Total registers                 ; 349                                            ;
; Total pins                      ; 55 / 268 ( 21 % )                              ;
; Total virtual pins              ; 0                                              ;
; Total block memory bits         ; 0 / 7,024,640 ( 0 % )                          ;
; Total DSP Blocks                ; 12 / 156 ( 8 % )                               ;
; Total HSSI RX PCSs              ; 0 / 6 ( 0 % )                                  ;
; Total HSSI PMA RX Deserializers ; 0 / 6 ( 0 % )                                  ;
; Total HSSI TX PCSs              ; 0 / 6 ( 0 % )                                  ;
; Total HSSI PMA TX Serializers   ; 0 / 6 ( 0 % )                                  ;
; Total PLLs                      ; 0 / 13 ( 0 % )                                 ;
; Total DLLs                      ; 0 / 4 ( 0 % )                                  ;
+---------------------------------+------------------------------------------------+


+-----------------------------------------+
; Flow Settings                           ;
+-------------------+---------------------+
; Option            ; Setting             ;
+-------------------+---------------------+
; Start date & time ; 12/01/2024 11:15:35 ;
; Main task         ; Compilation         ;
; Revision Name     ; optimized           ;
+-------------------+---------------------+


+-----------------------------------------------------------------------------------------------------------------------------------------------------+
; Flow Non-Default Global Settings                                                                                                                    ;
+-------------------------------------+----------------------------------------+---------------+------------------+-----------------------------------+
; Assignment Name                     ; Value                                  ; Default Value ; Entity Name      ; Section Id                        ;
+-------------------------------------+----------------------------------------+---------------+------------------+-----------------------------------+
; COMPILER_SIGNATURE_ID               ; 234099524160934.173301933517340        ; --            ; --               ; --                                ;
; EDA_GENERATE_FUNCTIONAL_NETLIST     ; Off                                    ; --            ; --               ; eda_board_design_timing           ;
; EDA_GENERATE_FUNCTIONAL_NETLIST     ; Off                                    ; --            ; --               ; eda_board_design_boundary_scan    ;
; EDA_GENERATE_FUNCTIONAL_NETLIST     ; Off                                    ; --            ; --               ; eda_board_design_signal_integrity ;
; EDA_GENERATE_FUNCTIONAL_NETLIST     ; Off                                    ; --            ; --               ; eda_board_design_symbol           ;
; EDA_OUTPUT_DATA_FORMAT              ; Verilog Hdl                            ; --            ; --               ; eda_simulation                    ;
; EDA_SIMULATION_TOOL                 ; Questa Intel FPGA (Verilog)            ; <None>        ; --               ; --                                ;
; EDA_TIME_SCALE                      ; 1 ps                                   ; --            ; --               ; eda_simulation                    ;
; FLOW_ENABLE_POWER_ANALYZER          ; On                                     ; Off           ; --               ; --                                ;
; MAX_CORE_JUNCTION_TEMP              ; 85                                     ; --            ; --               ; --                                ;
; MIN_CORE_JUNCTION_TEMP              ; 0                                      ; --            ; --               ; --                                ;
; PARTITION_COLOR                     ; -- (Not supported for targeted family) ; --            ; ReConf_FirFilter ; Top                               ;
; PARTITION_FITTER_PRESERVATION_LEVEL ; -- (Not supported for targeted family) ; --            ; ReConf_FirFilter ; Top                               ;
; PARTITION_NETLIST_TYPE              ; -- (Not supported for targeted family) ; --            ; ReConf_FirFilter ; Top                               ;
; POWER_BOARD_THERMAL_MODEL           ; None (CONSERVATIVE)                    ; --            ; --               ; --                                ;
; POWER_DEFAULT_INPUT_IO_TOGGLE_RATE  ; 12.5 %                                 ; 12.5%         ; --               ; --                                ;
; POWER_PRESET_COOLING_SOLUTION       ; 23 MM HEAT SINK WITH 200 LFPM AIRFLOW  ; --            ; --               ; --                                ;
; PROJECT_OUTPUT_DIRECTORY            ; output_files                           ; --            ; --               ; --                                ;
; TOP_LEVEL_ENTITY                    ; ReConf_FirFilter                       ; optimized     ; --               ; --                                ;
+-------------------------------------+----------------------------------------+---------------+------------------+-----------------------------------+


+--------------------------------------------------------------------------------------------------------------------------+
; Flow Elapsed Time                                                                                                        ;
+----------------------+--------------+-------------------------+---------------------+------------------------------------+
; Module Name          ; Elapsed Time ; Average Processors Used ; Peak Virtual Memory ; Total CPU Time (on all processors) ;
+----------------------+--------------+-------------------------+---------------------+------------------------------------+
; Analysis & Synthesis ; 00:00:12     ; 1.0                     ; 4878 MB             ; 00:00:04                           ;
; Fitter               ; 00:04:51     ; 1.0                     ; 7688 MB             ; 00:03:53                           ;
; Assembler            ; 00:00:12     ; 1.0                     ; 4868 MB             ; 00:00:02                           ;
; Power Analyzer       ; 00:00:04     ; 1.6                     ; 5422 MB             ; 00:00:02                           ;
; Timing Analyzer      ; 00:00:07     ; 1.8                     ; 5346 MB             ; 00:00:03                           ;
; EDA Netlist Writer   ; 00:00:01     ; 1.0                     ; 4745 MB             ; 00:00:00                           ;
; Total                ; 00:05:27     ; --                      ; --                  ; 00:04:04                           ;
+----------------------+--------------+-------------------------+---------------------+------------------------------------+


+------------------------------------------------------------------------------------+
; Flow OS Summary                                                                    ;
+----------------------+------------------+------------+------------+----------------+
; Module Name          ; Machine Hostname ; OS Name    ; OS Version ; Processor type ;
+----------------------+------------------+------------+------------+----------------+
; Analysis & Synthesis ; BOOK-Htaekjung   ; Windows 10 ; 10.0       ; x86_64         ;
; Fitter               ; BOOK-Htaekjung   ; Windows 10 ; 10.0       ; x86_64         ;
; Assembler            ; BOOK-Htaekjung   ; Windows 10 ; 10.0       ; x86_64         ;
; Power Analyzer       ; BOOK-Htaekjung   ; Windows 10 ; 10.0       ; x86_64         ;
; Timing Analyzer      ; BOOK-Htaekjung   ; Windows 10 ; 10.0       ; x86_64         ;
; EDA Netlist Writer   ; BOOK-Htaekjung   ; Windows 10 ; 10.0       ; x86_64         ;
+----------------------+------------------+------------+------------+----------------+


------------
; Flow Log ;
------------
quartus_map --read_settings_files=on --write_settings_files=off optimized -c optimized
quartus_fit --read_settings_files=off --write_settings_files=off optimized -c optimized
quartus_asm --read_settings_files=off --write_settings_files=off optimized -c optimized
quartus_pow --read_settings_files=off --write_settings_files=off optimized -c optimized
quartus_sta optimized -c optimized
quartus_eda --read_settings_files=off --write_settings_files=off optimized -c optimized



